\BOOKMARK [1][-]{section.1}{\376\377\121\154\123\370\127\372\147\054\117\341\140\157}{}% 1
\BOOKMARK [1][-]{section.2}{\376\377\116\016\217\320\154\263\166\370\121\163\166\204\116\032\122\241}{}% 2
\BOOKMARK [2][-]{subsection.2.1}{\376\377\127\037\127\060\137\000\123\321}{section.2}% 3
\BOOKMARK [2][-]{subsection.2.2}{\376\377\147\155\224\242\145\260\127\316\230\171\166\356}{section.2}% 4
\BOOKMARK [3][-]{subsubsection.2.2.1}{\376\377\230\171\166\356\136\372\213\276\200\314\146\157}{subsection.2.2}% 5
\BOOKMARK [3][-]{subsubsection.2.2.2}{\376\377\230\171\166\356\116\313\176\315}{subsection.2.2}% 6
\BOOKMARK [3][-]{subsubsection.2.2.3}{\376\377\215\104\221\321\147\145\156\220}{subsection.2.2}% 7
\BOOKMARK [3][-]{subsubsection.2.2.4}{\376\377\230\171\166\356\217\333\136\246}{subsection.2.2}% 8
\BOOKMARK [1][-]{section.3}{\376\377\116\000\116\233\121\163\116\216\145\305\156\070\116\032\116\016\145\207\123\026\166\204\117\341\140\157}{}% 9
\BOOKMARK [1][-]{section.4}{\376\377\040\034\154\064\227\365\154\137\123\127\377\014\166\330\225\350\131\034\171\300\040\035\131\034\156\070\155\073\122\250}{}% 10
\BOOKMARK [2][-]{subsection.4.1}{\376\377\121\163\116\216\202\317\135\336\116\034\145\271\154\064\127\316\145\305\156\070\123\321\134\125\147\011\226\120\121\154\123\370}{section.4}% 11
\BOOKMARK [2][-]{subsection.4.2}{\376\377\230\171\166\356\116\313\176\315}{section.4}% 12
\BOOKMARK [1][-]{section.5}{\376\377\163\257\123\344\127\316\154\263\154\064\116\012\211\302\121\111\156\070\230\171\166\356}{}% 13
\BOOKMARK [2][-]{subsection.5.1}{\376\377\215\104\221\321\140\305\121\265}{section.5}% 14
\BOOKMARK [1][-]{section.6}{\376\377\155\356\133\211\136\002\145\207\145\305\156\070\226\306\126\342\142\100\120\132\166\204\121\163\116\216\131\047\217\320\154\263\166\204\230\171\166\356}{}% 15
\BOOKMARK [2][-]{subsection.6.1}{\376\377\116\073\204\045\116\032\122\241}{section.6}% 16
\BOOKMARK [2][-]{subsection.6.2}{\376\377\221\314\217\320\154\263\145\305\156\070\230\171\166\356}{section.6}% 17
\BOOKMARK [3][-]{subsubsection.6.2.1}{\376\377\200\314\146\157\116\313\176\315}{subsection.6.2}% 18
\BOOKMARK [3][-]{subsubsection.6.2.2}{\376\377\116\032\122\241\152\041\137\017}{subsection.6.2}% 19
\BOOKMARK [2][-]{subsection.6.3}{\376\377\215\104\221\321\147\145\156\220}{section.6}% 20
\BOOKMARK [1][-]{section.7}{\376\377\145\345\161\147\136\002\116\034\156\057\123\072\166\204\116\073\211\201\176\317\155\116\143\007\150\007}{}% 21
