\BOOKMARK [1][-]{section.1}{\376\377\121\231\127\050\122\115\227\142}{}% 1
\BOOKMARK [1][-]{section.2}{\376\377\121\163\116\216\135\345\117\134\166\204\140\001\136\246}{}% 2
\BOOKMARK [1][-]{section.3}{\376\377\121\163\116\216\126\342\226\037\141\017\213\306}{}% 3
\BOOKMARK [1][-]{section.4}{\376\377\135\345\117\134\121\205\133\271}{}% 4
\BOOKMARK [2][-]{subsection.4.1}{\376\377\161\237\140\211\121\154\123\370\166\204\116\272\116\213\116\016\173\241\164\006\122\066\136\246}{section.4}% 5
\BOOKMARK [2][-]{subsection.4.2}{\376\377\137\125\121\145\145\160\143\156}{section.4}% 6
\BOOKMARK [2][-]{subsection.4.3}{\376\377\136\372\172\313\145\160\143\156\136\223\060\001\146\364\145\260\145\160\143\156}{section.4}% 7
\BOOKMARK [2][-]{subsection.4.4}{\376\377\133\146\116\140\116\032\122\241}{section.4}% 8
\BOOKMARK [2][-]{subsection.4.5}{\376\377\121\166\133\203\135\345\117\134}{section.4}% 9
\BOOKMARK [1][-]{section.5}{\376\377\133\130\127\050\116\015\215\263}{}% 10
\BOOKMARK [1][-]{section.6}{\376\377\176\323\213\355}{}% 11
\BOOKMARK [1][-]{appendix.1.A}{\376\377\226\104\137\125\000\040\220\350\122\006\145\345\137\327}{}% 12
\BOOKMARK [2][-]{subsection.1.A.1}{\376\377\0001\0000\147\010\0008\145\345}{appendix.1.A}% 13
\BOOKMARK [2][-]{subsection.1.A.2}{\376\377\0001\0000\147\010\0009\145\345}{appendix.1.A}% 14
\BOOKMARK [2][-]{subsection.1.A.3}{\376\377\0001\0000\147\010\0001\0001\145\345}{appendix.1.A}% 15
\BOOKMARK [2][-]{subsection.1.A.4}{\376\377\0001\0000\147\010\0001\0002\145\345}{appendix.1.A}% 16
\BOOKMARK [2][-]{subsection.1.A.5}{\376\377\0001\0000\147\010\0001\0003\060\001\0001\0004\145\345}{appendix.1.A}% 17
\BOOKMARK [2][-]{subsection.1.A.6}{\376\377\0001\0000\147\010\0002\0000\145\345}{appendix.1.A}% 18
\BOOKMARK [2][-]{subsection.1.A.7}{\376\377\0001\0000\147\010\0002\0001\145\345}{appendix.1.A}% 19
\BOOKMARK [2][-]{subsection.1.A.8}{\376\377\0001\0000\147\010\0002\0002\145\345}{appendix.1.A}% 20
\BOOKMARK [2][-]{subsection.1.A.9}{\376\377\0001\0000\147\010\0002\0005\145\345}{appendix.1.A}% 21
\BOOKMARK [1][-]{appendix.1.B}{\376\377\226\104\137\125\000\040\121\163\116\216\145\160\143\156\136\223\166\204\116\000\116\233\213\244\213\306}{}% 22
\BOOKMARK [2][-]{subsection.1.B.1}{\376\377\200\314\146\157\116\313\176\315}{appendix.1.B}% 23
\BOOKMARK [2][-]{subsection.1.B.2}{\376\377\145\160\143\156\136\223\116\313\176\315}{appendix.1.B}% 24
\BOOKMARK [2][-]{subsection.1.B.3}{\376\377\147\052\133\214\142\020\166\204\230\171\166\356}{appendix.1.B}% 25
\BOOKMARK [2][-]{subsection.1.B.4}{\376\377\116\000\116\233\121\163\116\216\000\040\000M\000y\000S\000Q\000L\000\040\166\204\213\244\213\306}{appendix.1.B}% 26
